<?xml version="1.0" encoding="UTF-8"?>
<!-- Generated by org.testng.reporters.JUnitReportReporter -->
<testsuite hostname="DESKTOP-NHS3MPK" failures="0" tests="4" name="testcases.HomePage" time="25.037" errors="0" timestamp="2022-03-06T11:55:55 IST" skipped="0">
  <testcase classname="testcases.HomePage" name="test3" time="7.168"/>
  <system-out/>
  <testcase classname="testcases.HomePage" name="test1" time="5.995"/>
  <system-out/>
  <testcase classname="testcases.HomePage" name="test4" time="6.065"/>
  <system-out/>
  <testcase classname="testcases.HomePage" name="test2" time="5.809"/>
  <system-out/>
</testsuite> <!-- testcases.HomePage -->
