<?xml version="1.0" encoding="UTF-8"?>
<!-- Generated by org.testng.reporters.JUnitReportReporter -->
<testsuite hostname="DESKTOP-NHS3MPK" failures="0" tests="1" name="testcases.HomePage" time="14.482" errors="0" timestamp="2022-03-20T11:59:40 IST" skipped="0">
  <testcase classname="testcases.HomePage" name="test1" time="14.482"/>
  <system-out/>
</testsuite> <!-- testcases.HomePage -->
