<?xml version="1.0" encoding="UTF-8"?>
<!-- Generated by org.testng.reporters.JUnitReportReporter -->
<testsuite hostname="DESKTOP-NHS3MPK" failures="0" tests="1" name="testcases.LoginTest" time="24.831" errors="0" timestamp="2022-03-20T12:49:31 IST" skipped="0">
  <testcase classname="testcases.LoginTest" name="LoginFailure" time="24.831"/>
  <system-out/>
</testsuite> <!-- testcases.LoginTest -->
