<?xml version="1.0" encoding="UTF-8"?>
<!-- Generated by org.testng.reporters.JUnitReportReporter -->
<testsuite hostname="DESKTOP-NHS3MPK" failures="0" tests="4" name="testcases.LoginTest" time="71.166" errors="0" timestamp="2022-03-13T09:23:07 IST" skipped="0">
  <testcase classname="testcases.LoginTest" name="ExternalDataTest" time="16.846"/>
  <system-out/>
  <testcase classname="testcases.LoginTest" name="LoginFailure" time="15.962"/>
  <system-out/>
  <testcase classname="testcases.LoginTest" name="LoginSuccess" time="20.793"/>
  <system-out/>
  <testcase classname="testcases.LoginTest" name="Parameterized" time="17.565"/>
  <system-out/>
</testsuite> <!-- testcases.LoginTest -->
