<?xml version="1.0" encoding="UTF-8"?>
<!-- Generated by org.testng.reporters.JUnitReportReporter -->
<testsuite hostname="DESKTOP-NHS3MPK" failures="0" tests="4" name="testcases.LoginTest" time="92.768" errors="0" timestamp="2022-03-19T09:43:51 IST" skipped="0">
  <testcase classname="testcases.LoginTest" name="ExternalDataTest" time="17.860"/>
  <system-out/>
  <testcase classname="testcases.LoginTest" name="LoginSuccess" time="16.956"/>
  <system-out/>
  <testcase classname="testcases.LoginTest" name="Parameterized" time="24.887"/>
  <system-out/>
  <testcase classname="testcases.LoginTest" name="LoginFailure" time="33.065"/>
  <system-out/>
</testsuite> <!-- testcases.LoginTest -->
