<?xml version="1.0" encoding="UTF-8"?>
<!-- Generated by org.testng.reporters.JUnitReportReporter -->
<testsuite hostname="DESKTOP-NHS3MPK" failures="0" tests="4" name="testcases.LoginTest" time="136.442" errors="0" timestamp="2022-03-19T12:11:22 IST" skipped="0">
  <testcase classname="testcases.LoginTest" name="LoginSuccess" time="22.588"/>
  <system-out/>
  <testcase classname="testcases.LoginTest" name="LoginFailure" time="53.663"/>
  <system-out/>
  <testcase classname="testcases.LoginTest" name="Parameterized" time="34.039"/>
  <system-out/>
  <testcase classname="testcases.LoginTest" name="ExternalDataTest" time="26.152"/>
  <system-out/>
</testsuite> <!-- testcases.LoginTest -->
